<?xml version="1.0" encoding="UTF-8"?>
<!-- Generated by org.testng.reporters.JUnitXMLReporter -->
<testsuite ignored="0" hostname="DESKTOP-UCNIV3S" failures="0" tests="7" name="Test3" time="88.113" errors="0" timestamp="2022-01-29T12:43:03 IST">
  <testcase classname="Test.Base" name="base" time="0.002"/>
  <testcase classname="Test.LoginTest" name="verifyloginTitle" time="0.013"/>
  <testcase classname="Test.LoginTest" name="rememberMecheckBox" time="1.681"/>
  <testcase classname="Test.LoginTest" name="verifyLoginWithInValidCredentials" time="6.605"/>
  <testcase classname="Test.LoginTest" name="verfiyResetPasswordPage" time="7.266"/>
  <testcase classname="Test.LoginTest" name="verifyForgotPassword" time="8.346"/>
  <testcase classname="Test.LoginTest" name="verifyLoginWithValidCredentials" time="21.511"/>
</testsuite> <!-- Test3 -->
