<?xml version="1.0" encoding="UTF-8"?>
<!-- Generated by org.testng.reporters.JUnitXMLReporter -->
<testsuite ignored="0" hostname="DESKTOP-UCNIV3S" failures="0" tests="7" name="Test2" time="53.013" errors="0" timestamp="2022-01-29T12:41:35 IST">
  <testcase classname="Test.Base" name="base" time="0.002"/>
  <testcase classname="Test.LoginTest" name="verifyloginTitle" time="0.054"/>
  <testcase classname="Test.LoginTest" name="rememberMecheckBox" time="1.451"/>
  <testcase classname="Test.LoginTest" name="verifyLoginWithInValidCredentials" time="7.222"/>
  <testcase classname="Test.LoginTest" name="verfiyResetPasswordPage" time="5.146"/>
  <testcase classname="Test.LoginTest" name="verifyForgotPassword" time="5.804"/>
  <testcase classname="Test.LoginTest" name="verifyLoginWithValidCredentials" time="10.145"/>
</testsuite> <!-- Test2 -->
