<?xml version="1.0" encoding="UTF-8"?>
<!-- Generated by org.testng.reporters.JUnitXMLReporter -->
<testsuite ignored="0" hostname="DESKTOP-UCNIV3S" failures="0" tests="7" name="Test" time="77.346" errors="0" timestamp="2022-01-31T14:06:52 IST">
  <testcase classname="Test.Base" name="base" time="0.009"/>
  <testcase classname="Test.LoginTest" name="verifyloginTitle" time="0.082"/>
  <testcase classname="Test.LoginTest" name="rememberMecheckBox" time="0.457"/>
  <testcase classname="Test.LoginTest" name="verifyLoginWithInValidCredentials" time="4.273"/>
  <testcase classname="Test.LoginTest" name="verfiyResetPasswordPage" time="5.103"/>
  <testcase classname="Test.LoginTest" name="verifyForgotPassword" time="4.961"/>
  <testcase classname="Test.LoginTest" name="verifyLoginWithValidCredentials" time="24.551"/>
</testsuite> <!-- Test -->
