<?xml version="1.0" encoding="UTF-8"?>
<!-- Generated by org.testng.reporters.JUnitXMLReporter -->
<testsuite ignored="0" hostname="DESKTOP-UCNIV3S" failures="0" tests="7" name="Test1" time="54.915" errors="0" timestamp="2022-01-29T12:40:42 IST">
  <testcase classname="Test.Base" name="base" time="0.008"/>
  <testcase classname="Test.LoginTest" name="verifyloginTitle" time="0.018"/>
  <testcase classname="Test.LoginTest" name="rememberMecheckBox" time="0.214"/>
  <testcase classname="Test.LoginTest" name="verifyLoginWithInValidCredentials" time="4.426"/>
  <testcase classname="Test.LoginTest" name="verfiyResetPasswordPage" time="6.175"/>
  <testcase classname="Test.LoginTest" name="verifyForgotPassword" time="5.563"/>
  <testcase classname="Test.LoginTest" name="verifyLoginWithValidCredentials" time="21.464"/>
</testsuite> <!-- Test1 -->
