<?xml version="1.0" encoding="UTF-8"?>
<testng-results ignored="0" total="2" passed="2" failed="0" skipped="0">
  <reporter-output>
  </reporter-output>
  <suite started-at="2022-01-28T13:22:34 IST" name="Suite" finished-at="2022-01-28T13:23:39 IST" duration-ms="64784">
    <groups>
    </groups>
    <test started-at="2022-01-28T13:22:34 IST" name="Test" finished-at="2022-01-28T13:23:39 IST" duration-ms="64784">
      <class name="Test.BannedUserTest">
        <test-method is-config="true" signature="beforeClass(java.lang.String)[pri:0, instance:Test.BannedUserTest@4fb3ee4e]" started-at="2022-01-28T13:22:34 IST" name="beforeClass" finished-at="2022-01-28T13:23:03 IST" duration-ms="28270" status="PASS">
          <params>
            <param index="0">
              <value>
                <![CDATA[chrome]]>
              </value>
            </param>
          </params>
          <reporter-output>
          </reporter-output>
        </test-method> <!-- beforeClass -->
        <test-method signature="base()[pri:0, instance:Test.BannedUserTest@4fb3ee4e]" started-at="2022-01-28T13:23:03 IST" name="base" finished-at="2022-01-28T13:23:03 IST" duration-ms="2" status="PASS">
          <reporter-output>
          </reporter-output>
        </test-method> <!-- base -->
        <test-method signature="User()[pri:19, instance:Test.BannedUserTest@4fb3ee4e]" started-at="2022-01-28T13:23:03 IST" name="User" description="TC_019_Verify user can ban a user " finished-at="2022-01-28T13:23:39 IST" duration-ms="36434" status="PASS">
          <reporter-output>
          </reporter-output>
        </test-method> <!-- User -->
        <test-method is-config="true" signature="afterClass()[pri:0, instance:Test.BannedUserTest@4fb3ee4e]" started-at="2022-01-28T13:23:39 IST" name="afterClass" finished-at="2022-01-28T13:23:39 IST" duration-ms="1" status="PASS">
          <reporter-output>
          </reporter-output>
        </test-method> <!-- afterClass -->
      </class> <!-- Test.BannedUserTest -->
    </test> <!-- Test -->
  </suite> <!-- Suite -->
</testng-results>
